<?xml version="1.0" encoding="UTF-8"?>
<!-- Generated by org.testng.reporters.JUnitReportReporter -->
<testsuite hostname="LAPTOP-PHJEU9F9" failures="0" tests="1" name="org.example.CalculatorPageTest" time="47.181" errors="0" timestamp="2023-05-04T13:50:57 IST" skipped="0">
  <testcase classname="org.example.CalculatorPageTest" name="checkInformationInVmClassString" time="47.181"/>
  <system-out/>
</testsuite> <!-- org.example.CalculatorPageTest -->
