<?xml version="1.0" encoding="UTF-8"?>
<!-- Generated by org.testng.reporters.JUnitReportReporter -->
<testsuite hostname="LAPTOP-PHJEU9F9" failures="0" tests="1" name="org.example.PasteBinTest" time="30.231" errors="0" timestamp="2023-05-04T13:50:57 IST" skipped="0">
  <testcase classname="org.example.PasteBinTest" name="paste" time="30.231"/>
  <system-out/>
</testsuite> <!-- org.example.PasteBinTest -->
